0 info it worked if it ends with ok
1 verbose cli [ 'C:\\Program Files\\nodejs\\node.exe',
1 verbose cli   'C:\\Program Files\\nodejs\\node_modules\\npm\\bin\\npm-cli.js',
1 verbose cli   'run',
1 verbose cli   'build' ]
2 info using npm@3.10.10
3 info using node@v6.9.5
4 verbose run-script [ 'prebuild', 'build', 'postbuild' ]
5 info lifecycle conversion-app@0.0.1~prebuild: conversion-app@0.0.1
6 silly lifecycle conversion-app@0.0.1~prebuild: no script for prebuild, continuing
7 info lifecycle conversion-app@0.0.1~build: conversion-app@0.0.1
8 verbose lifecycle conversion-app@0.0.1~build: unsafe-perm in lifecycle true
9 verbose lifecycle conversion-app@0.0.1~build: PATH: C:\Program Files\nodejs\node_modules\npm\bin\node-gyp-bin;C:\Users\Marc\UdacityCourse\ConversionApp\node_modules\.bin;C:\ProgramData\Oracle\Java\javapath;C:\Program Files\Common Files\Microsoft Shared\Windows Live;C:\Program Files (x86)\Common Files\Microsoft Shared\Windows Live;C:\Windows\system32;C:\Windows;C:\Windows\System32\Wbem;C:\Windows\System32\WindowsPowerShell\v1.0\;C:\Program Files (x86)\Windows Live\Shared;C:\Program Files\nodejs\;C:\Users\dev\AppData\Roaming\npm\node_modules\@angular\cli\bin\ng;C:\Program Files (x86)\Skype\Phone\;C:\Program Files (x86)\NVIDIA Corporation\PhysX\Common;C:\Program Files\Git\cmd;C:\Program Files (x86)\IVI Foundation\VISA\WinNT\Bin;C:\Program Files (x86)\Git\bin\git.exe;C:\Users\Marc\AppData\Local\atom\bin;C:\Users\Marc\AppData\Roaming\npm;C:\Program Files (x86)\Microsoft VS Code\bin;C:\Program Files\Heroku\bin
10 verbose lifecycle conversion-app@0.0.1~build: CWD: C:\Users\Marc\UdacityCourse\ConversionApp
11 silly lifecycle conversion-app@0.0.1~build: Args: [ '/d /s /c', 'node ./node-scripts/build.js' ]
12 silly lifecycle conversion-app@0.0.1~build: Returned: code: 1  signal: null
13 info lifecycle conversion-app@0.0.1~build: Failed to exec build script
14 verbose stack Error: conversion-app@0.0.1 build: `node ./node-scripts/build.js`
14 verbose stack Exit status 1
14 verbose stack     at EventEmitter.<anonymous> (C:\Program Files\nodejs\node_modules\npm\lib\utils\lifecycle.js:255:16)
14 verbose stack     at emitTwo (events.js:106:13)
14 verbose stack     at EventEmitter.emit (events.js:191:7)
14 verbose stack     at ChildProcess.<anonymous> (C:\Program Files\nodejs\node_modules\npm\lib\utils\spawn.js:40:14)
14 verbose stack     at emitTwo (events.js:106:13)
14 verbose stack     at ChildProcess.emit (events.js:191:7)
14 verbose stack     at maybeClose (internal/child_process.js:877:16)
14 verbose stack     at Process.ChildProcess._handle.onexit (internal/child_process.js:226:5)
15 verbose pkgid conversion-app@0.0.1
16 verbose cwd C:\Users\Marc\UdacityCourse\ConversionApp
17 error Windows_NT 6.1.7601
18 error argv "C:\\Program Files\\nodejs\\node.exe" "C:\\Program Files\\nodejs\\node_modules\\npm\\bin\\npm-cli.js" "run" "build"
19 error node v6.9.5
20 error npm  v3.10.10
21 error code ELIFECYCLE
22 error conversion-app@0.0.1 build: `node ./node-scripts/build.js`
22 error Exit status 1
23 error Failed at the conversion-app@0.0.1 build script 'node ./node-scripts/build.js'.
23 error Make sure you have the latest version of node.js and npm installed.
23 error If you do, this is most likely a problem with the conversion-app package,
23 error not with npm itself.
23 error Tell the author that this fails on your system:
23 error     node ./node-scripts/build.js
23 error You can get information on how to open an issue for this project with:
23 error     npm bugs conversion-app
23 error Or if that isn't available, you can get their info via:
23 error     npm owner ls conversion-app
23 error There is likely additional logging output above.
24 verbose exit [ 1, true ]
